[debug] [2024-04-24T22:35:05.420Z] ----------------------------------------------------------------------
[debug] [2024-04-24T22:35:05.423Z] Command:       C:\Program Files\nodejs\node.exe C:\Users\DELL\AppData\Roaming\npm\node_modules\firebase-tools\lib\bin\firebase.js init
[debug] [2024-04-24T22:35:05.424Z] CLI Version:   13.7.3
[debug] [2024-04-24T22:35:05.424Z] Platform:      win32
[debug] [2024-04-24T22:35:05.425Z] Node Version:  v18.18.2
[debug] [2024-04-24T22:35:05.426Z] Time:          Wed Apr 24 2024 23:35:05 GMT+0100 (GMT+01:00)
[debug] [2024-04-24T22:35:05.426Z] ----------------------------------------------------------------------
[debug] 
[debug] [2024-04-24T22:35:05.433Z] >>> [apiv2][query] GET https://firebase-public.firebaseio.com/cli.json [none]
[debug] [2024-04-24T22:35:05.502Z] > command requires scopes: ["email","openid","https://www.googleapis.com/auth/cloudplatformprojects.readonly","https://www.googleapis.com/auth/firebase","https://www.googleapis.com/auth/cloud-platform"]
[debug] [2024-04-24T22:35:05.502Z] > authorizing via signed-in user (futureaiftur150@gmail.com)
[info] 
     ######## #### ########  ######## ########     ###     ######  ########
     ##        ##  ##     ## ##       ##     ##  ##   ##  ##       ##
     ######    ##  ########  ######   ########  #########  ######  ######
     ##        ##  ##    ##  ##       ##     ## ##     ##       ## ##
     ##       #### ##     ## ######## ########  ##     ##  ######  ########

You're about to initialize a Firebase project in this directory:

  D:\courses@\coursespace-landing-page-main

[debug] [2024-04-24T22:35:07.044Z] <<< [apiv2][status] GET https://firebase-public.firebaseio.com/cli.json 200
[debug] [2024-04-24T22:35:07.045Z] <<< [apiv2][body] GET https://firebase-public.firebaseio.com/cli.json {"cloudBuildErrorAfter":1594252800000,"cloudBuildWarnAfter":1590019200000,"defaultNode10After":1594252800000,"minVersion":"3.0.5","node8DeploysDisabledAfter":1613390400000,"node8RuntimeDisabledAfter":1615809600000,"node8WarnAfter":1600128000000}
[info] 
=== Project Setup
[info] 
[info] First, let's associate this project directory with a Firebase project.
[info] You can create multiple project aliases by running firebase use --add, 
[info] but for now we'll just set up a default project.
[info] 
[debug] [2024-04-24T22:35:31.404Z] > refreshing access token with scopes: []
[debug] [2024-04-24T22:35:31.406Z] >>> [apiv2][query] POST https://www.googleapis.com/oauth2/v3/token [none]
[debug] [2024-04-24T22:35:31.406Z] >>> [apiv2][body] POST https://www.googleapis.com/oauth2/v3/token [omitted]
[debug] [2024-04-24T22:35:33.064Z] <<< [apiv2][status] POST https://www.googleapis.com/oauth2/v3/token 200
[debug] [2024-04-24T22:35:33.065Z] <<< [apiv2][body] POST https://www.googleapis.com/oauth2/v3/token [omitted]
[debug] [2024-04-24T22:35:33.089Z] >>> [apiv2][query] GET https://firebase.googleapis.com/v1beta1/projects pageSize=100
[debug] [2024-04-24T22:35:33.809Z] <<< [apiv2][status] GET https://firebase.googleapis.com/v1beta1/projects 200
[debug] [2024-04-24T22:35:33.809Z] <<< [apiv2][body] GET https://firebase.googleapis.com/v1beta1/projects [omitted]
[debug] [2024-04-24T22:57:05.616Z] ----------------------------------------------------------------------
[debug] [2024-04-24T22:57:05.619Z] Command:       C:\Program Files\nodejs\node.exe C:\Users\DELL\AppData\Roaming\npm\node_modules\firebase-tools\lib\bin\firebase.js init
[debug] [2024-04-24T22:57:05.619Z] CLI Version:   13.7.3
[debug] [2024-04-24T22:57:05.620Z] Platform:      win32
[debug] [2024-04-24T22:57:05.620Z] Node Version:  v18.18.2
[debug] [2024-04-24T22:57:05.634Z] Time:          Wed Apr 24 2024 23:57:05 GMT+0100 (GMT+01:00)
[debug] [2024-04-24T22:57:05.634Z] ----------------------------------------------------------------------
[debug] 
[debug] [2024-04-24T22:57:05.643Z] > command requires scopes: ["email","openid","https://www.googleapis.com/auth/cloudplatformprojects.readonly","https://www.googleapis.com/auth/firebase","https://www.googleapis.com/auth/cloud-platform"]
[debug] [2024-04-24T22:57:05.644Z] > authorizing via signed-in user (futureaiftur150@gmail.com)
[info] 
     ######## #### ########  ######## ########     ###     ######  ########
     ##        ##  ##     ## ##       ##     ##  ##   ##  ##       ##
     ######    ##  ########  ######   ########  #########  ######  ######
     ##        ##  ##    ##  ##       ##     ## ##     ##       ## ##
     ##       #### ##     ## ######## ########  ##     ##  ######  ########

You're about to initialize a Firebase project in this directory:

  D:\courses@\coursespace-landing-page-main

